<?xml version="1.0" encoding="UTF-8"?>
<coverage generated="1590569700805" clover="3.2.0">
  <project timestamp="1590569700806" name="All files">
    <metrics statements="76" coveredstatements="54" conditionals="48" coveredconditionals="25" methods="19" coveredmethods="13" elements="143" coveredelements="92" complexity="0" loc="76" ncloc="76" packages="1" files="3" classes="3"/>
    <file name="index.js" path="/Users/nomanrafique/Documents/workspace/workspace-react-native/situm-react-native-plugin/src/index.js">
      <metrics statements="52" coveredstatements="44" conditionals="32" coveredconditionals="21" methods="14" coveredmethods="12"/>
      <line num="6" count="4" type="stmt"/>
      <line num="8" count="4" type="stmt"/>
      <line num="10" count="1" type="stmt"/>
      <line num="14" count="1" type="stmt"/>
      <line num="18" count="1" type="stmt"/>
      <line num="22" count="1" type="stmt"/>
      <line num="26" count="1" type="stmt"/>
      <line num="31" count="1" type="cond" truecount="1" falsecount="1"/>
      <line num="39" count="1" type="stmt"/>
      <line num="44" count="1" type="cond" truecount="1" falsecount="1"/>
      <line num="52" count="1" type="stmt"/>
      <line num="57" count="1" type="stmt"/>
      <line num="69" count="1" type="stmt"/>
      <line num="74" count="1" type="cond" truecount="1" falsecount="1"/>
      <line num="82" count="1" type="stmt"/>
      <line num="87" count="1" type="stmt"/>
      <line num="100" count="0" type="stmt"/>
      <line num="103" count="0" type="stmt"/>
      <line num="104" count="0" type="cond" truecount="0" falsecount="2"/>
      <line num="105" count="0" type="stmt"/>
      <line num="107" count="0" type="stmt"/>
      <line num="109" count="0" type="stmt"/>
      <line num="117" count="7" type="stmt"/>
      <line num="118" count="7" type="stmt"/>
      <line num="119" count="7" type="stmt"/>
      <line num="130" count="7" type="stmt"/>
      <line num="138" count="3" type="stmt"/>
      <line num="139" count="3" type="cond" truecount="2" falsecount="0"/>
      <line num="142" count="1" type="stmt"/>
      <line num="145" count="2" type="stmt"/>
      <line num="146" count="2" type="stmt"/>
      <line num="147" count="2" type="stmt"/>
      <line num="148" count="2" type="cond" truecount="1" falsecount="1"/>
      <line num="150" count="2" type="stmt"/>
      <line num="152" count="2" type="stmt"/>
      <line num="153" count="2" type="stmt"/>
      <line num="154" count="3" type="cond" truecount="2" falsecount="0"/>
      <line num="155" count="1" type="stmt"/>
      <line num="158" count="2" type="cond" truecount="2" falsecount="0"/>
      <line num="159" count="1" type="stmt"/>
      <line num="164" count="8" type="cond" truecount="2" falsecount="0"/>
      <line num="165" count="8" type="stmt"/>
      <line num="166" count="7" type="stmt"/>
      <line num="167" count="7" type="cond" truecount="2" falsecount="0"/>
      <line num="168" count="5" type="stmt"/>
      <line num="172" count="5" type="stmt"/>
      <line num="174" count="5" type="stmt"/>
      <line num="175" count="5" type="cond" truecount="2" falsecount="0"/>
      <line num="178" count="8" type="stmt"/>
      <line num="186" count="0" type="stmt"/>
      <line num="191" count="0" type="stmt"/>
      <line num="199" count="4" type="stmt"/>
    </file>
    <file name="nativeInterface.js" path="/Users/nomanrafique/Documents/workspace/workspace-react-native/situm-react-native-plugin/src/nativeInterface.js">
      <metrics statements="8" coveredstatements="7" conditionals="4" coveredconditionals="3" methods="1" coveredmethods="1"/>
      <line num="3" count="4" type="stmt"/>
      <line num="5" count="4" type="cond" truecount="1" falsecount="1"/>
      <line num="6" count="0" type="stmt"/>
      <line num="9" count="4" type="stmt"/>
      <line num="10" count="4" type="stmt"/>
      <line num="13" count="15" type="cond" truecount="2" falsecount="0"/>
      <line num="14" count="1" type="stmt"/>
      <line num="16" count="15" type="stmt"/>
    </file>
    <file name="utils.js" path="/Users/nomanrafique/Documents/workspace/workspace-react-native/situm-react-native-plugin/src/utils.js">
      <metrics statements="16" coveredstatements="3" conditionals="12" coveredconditionals="1" methods="4" coveredmethods="0"/>
      <line num="6" count="3" type="stmt"/>
      <line num="7" count="0" type="cond" truecount="0" falsecount="4"/>
      <line num="8" count="0" type="stmt"/>
      <line num="9" count="0" type="stmt"/>
      <line num="11" count="0" type="stmt"/>
      <line num="21" count="3" type="cond" truecount="1" falsecount="1"/>
      <line num="23" count="0" type="cond" truecount="0" falsecount="2"/>
      <line num="24" count="0" type="stmt"/>
      <line num="29" count="0" type="cond" truecount="0" falsecount="2"/>
      <line num="30" count="0" type="stmt"/>
      <line num="32" count="0" type="stmt"/>
      <line num="33" count="0" type="cond" truecount="0" falsecount="2"/>
      <line num="34" count="0" type="stmt"/>
      <line num="36" count="0" type="stmt"/>
      <line num="40" count="0" type="stmt"/>
      <line num="46" count="3" type="stmt"/>
    </file>
  </project>
</coverage>
