{"/Users/nomanrafique/Documents/workspace/workspace-react-native/situm-react-native-plugin/src/index.js": {"path":"/Users/nomanrafique/Documents/workspace/workspace-react-native/situm-react-native-plugin/src/index.js","statementMap":{"0":{"start":{"line":6,"column":20},"end":{"line":6,"column":22}},"1":{"start":{"line":8,"column":20},"end":{"line":197,"column":1}},"2":{"start":{"line":10,"column":4},"end":{"line":10,"column":34}},"3":{"start":{"line":14,"column":4},"end":{"line":14,"column":53}},"4":{"start":{"line":18,"column":4},"end":{"line":18,"column":57}},"5":{"start":{"line":22,"column":4},"end":{"line":22,"column":53}},"6":{"start":{"line":26,"column":4},"end":{"line":29,"column":6}},"7":{"start":{"line":31,"column":4},"end":{"line":31,"column":62}},"8":{"start":{"line":39,"column":4},"end":{"line":42,"column":6}},"9":{"start":{"line":44,"column":4},"end":{"line":44,"column":75}},"10":{"start":{"line":52,"column":4},"end":{"line":55,"column":6}},"11":{"start":{"line":57,"column":4},"end":{"line":61,"column":6}},"12":{"start":{"line":69,"column":4},"end":{"line":72,"column":6}},"13":{"start":{"line":74,"column":4},"end":{"line":74,"column":72}},"14":{"start":{"line":82,"column":4},"end":{"line":85,"column":6}},"15":{"start":{"line":87,"column":4},"end":{"line":91,"column":6}},"16":{"start":{"line":100,"column":20},"end":{"line":102,"column":5}},"17":{"start":{"line":103,"column":16},"end":{"line":103,"column":18}},"18":{"start":{"line":104,"column":4},"end":{"line":108,"column":5}},"19":{"start":{"line":105,"column":6},"end":{"line":105,"column":77}},"20":{"start":{"line":107,"column":6},"end":{"line":107,"column":60}},"21":{"start":{"line":109,"column":4},"end":{"line":109,"column":17}},"22":{"start":{"line":117,"column":4},"end":{"line":117,"column":45}},"23":{"start":{"line":118,"column":27},"end":{"line":118,"column":47}},"24":{"start":{"line":119,"column":4},"end":{"line":128,"column":7}},"25":{"start":{"line":130,"column":4},"end":{"line":130,"column":26}},"26":{"start":{"line":138,"column":16},"end":{"line":138,"column":45}},"27":{"start":{"line":139,"column":4},"end":{"line":143,"column":5}},"28":{"start":{"line":142,"column":6},"end":{"line":142,"column":13}},"29":{"start":{"line":145,"column":4},"end":{"line":145,"column":20}},"30":{"start":{"line":146,"column":4},"end":{"line":146,"column":20}},"31":{"start":{"line":147,"column":17},"end":{"line":147,"column":23}},"32":{"start":{"line":148,"column":4},"end":{"line":148,"column":26}},"33":{"start":{"line":150,"column":4},"end":{"line":150,"column":46}},"34":{"start":{"line":152,"column":26},"end":{"line":152,"column":30}},"35":{"start":{"line":153,"column":4},"end":{"line":157,"column":5}},"36":{"start":{"line":153,"column":18},"end":{"line":153,"column":19}},"37":{"start":{"line":154,"column":6},"end":{"line":156,"column":7}},"38":{"start":{"line":155,"column":8},"end":{"line":155,"column":32}},"39":{"start":{"line":158,"column":4},"end":{"line":160,"column":5}},"40":{"start":{"line":159,"column":6},"end":{"line":159,"column":36}},"41":{"start":{"line":164,"column":4},"end":{"line":164,"column":63}},"42":{"start":{"line":165,"column":4},"end":{"line":177,"column":5}},"43":{"start":{"line":165,"column":18},"end":{"line":165,"column":19}},"44":{"start":{"line":166,"column":18},"end":{"line":166,"column":35}},"45":{"start":{"line":167,"column":6},"end":{"line":176,"column":7}},"46":{"start":{"line":168,"column":8},"end":{"line":171,"column":10}},"47":{"start":{"line":172,"column":8},"end":{"line":172,"column":24}},"48":{"start":{"line":174,"column":21},"end":{"line":174,"column":27}},"49":{"start":{"line":175,"column":8},"end":{"line":175,"column":30}},"50":{"start":{"line":178,"column":4},"end":{"line":178,"column":23}},"51":{"start":{"line":186,"column":4},"end":{"line":189,"column":6}},"52":{"start":{"line":191,"column":4},"end":{"line":195,"column":6}},"53":{"start":{"line":199,"column":0},"end":{"line":199,"column":29}}},"fnMap":{"0":{"name":"(anonymous_0)","decl":{"start":{"line":9,"column":16},"end":{"line":9,"column":17}},"loc":{"start":{"line":9,"column":28},"end":{"line":11,"column":3}},"line":9},"1":{"name":"(anonymous_1)","decl":{"start":{"line":13,"column":13},"end":{"line":13,"column":14}},"loc":{"start":{"line":13,"column":74},"end":{"line":15,"column":3}},"line":13},"2":{"name":"(anonymous_2)","decl":{"start":{"line":17,"column":15},"end":{"line":17,"column":16}},"loc":{"start":{"line":17,"column":78},"end":{"line":19,"column":3}},"line":17},"3":{"name":"(anonymous_3)","decl":{"start":{"line":21,"column":18},"end":{"line":21,"column":19}},"loc":{"start":{"line":21,"column":66},"end":{"line":23,"column":3}},"line":21},"4":{"name":"(anonymous_4)","decl":{"start":{"line":25,"column":18},"end":{"line":25,"column":19}},"loc":{"start":{"line":25,"column":65},"end":{"line":32,"column":3}},"line":25},"5":{"name":"(anonymous_5)","decl":{"start":{"line":34,"column":21},"end":{"line":34,"column":22}},"loc":{"start":{"line":38,"column":4},"end":{"line":45,"column":3}},"line":38},"6":{"name":"(anonymous_6)","decl":{"start":{"line":47,"column":27},"end":{"line":47,"column":28}},"loc":{"start":{"line":51,"column":4},"end":{"line":62,"column":3}},"line":51},"7":{"name":"(anonymous_7)","decl":{"start":{"line":64,"column":21},"end":{"line":64,"column":22}},"loc":{"start":{"line":68,"column":4},"end":{"line":75,"column":3}},"line":68},"8":{"name":"(anonymous_8)","decl":{"start":{"line":77,"column":30},"end":{"line":77,"column":31}},"loc":{"start":{"line":81,"column":4},"end":{"line":92,"column":3}},"line":81},"9":{"name":"(anonymous_9)","decl":{"start":{"line":94,"column":20},"end":{"line":94,"column":21}},"loc":{"start":{"line":99,"column":4},"end":{"line":110,"column":3}},"line":99},"10":{"name":"(anonymous_10)","decl":{"start":{"line":111,"column":27},"end":{"line":111,"column":28}},"loc":{"start":{"line":116,"column":12},"end":{"line":131,"column":3}},"line":116},"11":{"name":"(anonymous_11)","decl":{"start":{"line":133,"column":19},"end":{"line":133,"column":20}},"loc":{"start":{"line":137,"column":4},"end":{"line":161,"column":3}},"line":137},"12":{"name":"(anonymous_12)","decl":{"start":{"line":163,"column":26},"end":{"line":163,"column":27}},"loc":{"start":{"line":163,"column":73},"end":{"line":179,"column":3}},"line":163},"13":{"name":"(anonymous_13)","decl":{"start":{"line":181,"column":21},"end":{"line":181,"column":22}},"loc":{"start":{"line":185,"column":4},"end":{"line":196,"column":3}},"line":185}},"branchMap":{"0":{"loc":{"start":{"line":31,"column":43},"end":{"line":31,"column":60}},"type":"binary-expr","locations":[{"start":{"line":31,"column":43},"end":{"line":31,"column":48}},{"start":{"line":31,"column":52},"end":{"line":31,"column":60}}],"line":31},"1":{"loc":{"start":{"line":44,"column":56},"end":{"line":44,"column":73}},"type":"binary-expr","locations":[{"start":{"line":44,"column":56},"end":{"line":44,"column":61}},{"start":{"line":44,"column":65},"end":{"line":44,"column":73}}],"line":44},"2":{"loc":{"start":{"line":60,"column":6},"end":{"line":60,"column":23}},"type":"binary-expr","locations":[{"start":{"line":60,"column":6},"end":{"line":60,"column":11}},{"start":{"line":60,"column":15},"end":{"line":60,"column":23}}],"line":60},"3":{"loc":{"start":{"line":74,"column":53},"end":{"line":74,"column":70}},"type":"binary-expr","locations":[{"start":{"line":74,"column":53},"end":{"line":74,"column":58}},{"start":{"line":74,"column":62},"end":{"line":74,"column":70}}],"line":74},"4":{"loc":{"start":{"line":90,"column":6},"end":{"line":90,"column":23}},"type":"binary-expr","locations":[{"start":{"line":90,"column":6},"end":{"line":90,"column":11}},{"start":{"line":90,"column":15},"end":{"line":90,"column":23}}],"line":90},"5":{"loc":{"start":{"line":104,"column":4},"end":{"line":108,"column":5}},"type":"if","locations":[{"start":{"line":104,"column":4},"end":{"line":108,"column":5}},{"start":{"line":104,"column":4},"end":{"line":108,"column":5}}],"line":104},"6":{"loc":{"start":{"line":122,"column":6},"end":{"line":127,"column":14}},"type":"cond-expr","locations":[{"start":{"line":123,"column":10},"end":{"line":126,"column":11}},{"start":{"line":127,"column":10},"end":{"line":127,"column":14}}],"line":122},"7":{"loc":{"start":{"line":125,"column":12},"end":{"line":125,"column":29}},"type":"binary-expr","locations":[{"start":{"line":125,"column":12},"end":{"line":125,"column":17}},{"start":{"line":125,"column":21},"end":{"line":125,"column":29}}],"line":125},"8":{"loc":{"start":{"line":139,"column":4},"end":{"line":143,"column":5}},"type":"if","locations":[{"start":{"line":139,"column":4},"end":{"line":143,"column":5}},{"start":{"line":139,"column":4},"end":{"line":143,"column":5}}],"line":139},"9":{"loc":{"start":{"line":148,"column":4},"end":{"line":148,"column":25}},"type":"binary-expr","locations":[{"start":{"line":148,"column":4},"end":{"line":148,"column":8}},{"start":{"line":148,"column":12},"end":{"line":148,"column":25}}],"line":148},"10":{"loc":{"start":{"line":154,"column":6},"end":{"line":156,"column":7}},"type":"if","locations":[{"start":{"line":154,"column":6},"end":{"line":156,"column":7}},{"start":{"line":154,"column":6},"end":{"line":156,"column":7}}],"line":154},"11":{"loc":{"start":{"line":158,"column":4},"end":{"line":160,"column":5}},"type":"if","locations":[{"start":{"line":158,"column":4},"end":{"line":160,"column":5}},{"start":{"line":158,"column":4},"end":{"line":160,"column":5}}],"line":158},"12":{"loc":{"start":{"line":164,"column":44},"end":{"line":164,"column":61}},"type":"binary-expr","locations":[{"start":{"line":164,"column":44},"end":{"line":164,"column":49}},{"start":{"line":164,"column":53},"end":{"line":164,"column":61}}],"line":164},"13":{"loc":{"start":{"line":167,"column":6},"end":{"line":176,"column":7}},"type":"if","locations":[{"start":{"line":167,"column":6},"end":{"line":176,"column":7}},{"start":{"line":167,"column":6},"end":{"line":176,"column":7}}],"line":167},"14":{"loc":{"start":{"line":175,"column":8},"end":{"line":175,"column":29}},"type":"binary-expr","locations":[{"start":{"line":175,"column":8},"end":{"line":175,"column":12}},{"start":{"line":175,"column":16},"end":{"line":175,"column":29}}],"line":175},"15":{"loc":{"start":{"line":194,"column":6},"end":{"line":194,"column":23}},"type":"binary-expr","locations":[{"start":{"line":194,"column":6},"end":{"line":194,"column":11}},{"start":{"line":194,"column":15},"end":{"line":194,"column":23}}],"line":194}},"s":{"0":4,"1":4,"2":1,"3":1,"4":1,"5":1,"6":1,"7":1,"8":1,"9":1,"10":1,"11":1,"12":1,"13":1,"14":1,"15":1,"16":0,"17":0,"18":0,"19":0,"20":0,"21":0,"22":7,"23":7,"24":7,"25":7,"26":3,"27":3,"28":1,"29":2,"30":2,"31":2,"32":2,"33":2,"34":2,"35":2,"36":2,"37":3,"38":1,"39":2,"40":1,"41":8,"42":8,"43":8,"44":7,"45":7,"46":5,"47":5,"48":5,"49":5,"50":8,"51":0,"52":0,"53":4},"f":{"0":1,"1":1,"2":1,"3":1,"4":1,"5":1,"6":1,"7":1,"8":1,"9":0,"10":7,"11":3,"12":8,"13":0},"b":{"0":[1,0],"1":[1,0],"2":[1,0],"3":[1,0],"4":[1,0],"5":[0,0],"6":[1,6],"7":[1,0],"8":[1,2],"9":[2,0],"10":[1,2],"11":[1,1],"12":[8,8],"13":[5,2],"14":[5,5],"15":[0,0]},"_coverageSchema":"43e27e138ebf9cfc5966b082cf9a028302ed4184","hash":"75f7f66372461a8927b7e3d13214b730032b786f"}
,"/Users/nomanrafique/Documents/workspace/workspace-react-native/situm-react-native-plugin/src/nativeInterface.js": {"path":"/Users/nomanrafique/Documents/workspace/workspace-react-native/situm-react-native-plugin/src/nativeInterface.js","statementMap":{"0":{"start":{"line":3,"column":25},"end":{"line":3,"column":38}},"1":{"start":{"line":5,"column":0},"end":{"line":7,"column":1}},"2":{"start":{"line":6,"column":2},"end":{"line":6,"column":69}},"3":{"start":{"line":9,"column":25},"end":{"line":9,"column":29}},"4":{"start":{"line":10,"column":0},"end":{"line":18,"column":2}},"5":{"start":{"line":13,"column":4},"end":{"line":15,"column":5}},"6":{"start":{"line":14,"column":6},"end":{"line":14,"column":66}},"7":{"start":{"line":16,"column":4},"end":{"line":16,"column":30}}},"fnMap":{"0":{"name":"(anonymous_0)","decl":{"start":{"line":12,"column":2},"end":{"line":12,"column":3}},"loc":{"start":{"line":12,"column":32},"end":{"line":17,"column":3}},"line":12}},"branchMap":{"0":{"loc":{"start":{"line":5,"column":0},"end":{"line":7,"column":1}},"type":"if","locations":[{"start":{"line":5,"column":0},"end":{"line":7,"column":1}},{"start":{"line":5,"column":0},"end":{"line":7,"column":1}}],"line":5},"1":{"loc":{"start":{"line":13,"column":4},"end":{"line":15,"column":5}},"type":"if","locations":[{"start":{"line":13,"column":4},"end":{"line":15,"column":5}},{"start":{"line":13,"column":4},"end":{"line":15,"column":5}}],"line":13}},"s":{"0":4,"1":4,"2":0,"3":4,"4":4,"5":15,"6":1,"7":15},"f":{"0":15},"b":{"0":[0,4],"1":[1,14]},"_coverageSchema":"43e27e138ebf9cfc5966b082cf9a028302ed4184","hash":"4d9fae04ab0a580dec95b6e7e70a9822565cd704"}
,"/Users/nomanrafique/Documents/workspace/workspace-react-native/situm-react-native-plugin/src/utils.js": {"path":"/Users/nomanrafique/Documents/workspace/workspace-react-native/situm-react-native-plugin/src/utils.js","statementMap":{"0":{"start":{"line":6,"column":17},"end":{"line":13,"column":1}},"1":{"start":{"line":7,"column":2},"end":{"line":12,"column":3}},"2":{"start":{"line":8,"column":16},"end":{"line":8,"column":23}},"3":{"start":{"line":9,"column":4},"end":{"line":9,"column":73}},"4":{"start":{"line":11,"column":4},"end":{"line":11,"column":39}},"5":{"start":{"line":21,"column":16},"end":{"line":44,"column":32}},"6":{"start":{"line":23,"column":6},"end":{"line":28,"column":7}},"7":{"start":{"line":24,"column":8},"end":{"line":27,"column":10}},"8":{"start":{"line":29,"column":6},"end":{"line":42,"column":7}},"9":{"start":{"line":30,"column":23},"end":{"line":30,"column":24}},"10":{"start":{"line":32,"column":10},"end":{"line":32,"column":69}},"11":{"start":{"line":32,"column":52},"end":{"line":32,"column":68}},"12":{"start":{"line":33,"column":8},"end":{"line":35,"column":9}},"13":{"start":{"line":34,"column":10},"end":{"line":34,"column":33}},"14":{"start":{"line":36,"column":8},"end":{"line":41,"column":22}},"15":{"start":{"line":40,"column":10},"end":{"line":40,"column":35}},"16":{"start":{"line":46,"column":0},"end":{"line":49,"column":2}}},"fnMap":{"0":{"name":"(anonymous_0)","decl":{"start":{"line":6,"column":17},"end":{"line":6,"column":18}},"loc":{"start":{"line":6,"column":59},"end":{"line":13,"column":1}},"line":6},"1":{"name":"(anonymous_1)","decl":{"start":{"line":22,"column":4},"end":{"line":22,"column":5}},"loc":{"start":{"line":22,"column":66},"end":{"line":43,"column":5}},"line":22},"2":{"name":"(anonymous_2)","decl":{"start":{"line":32,"column":46},"end":{"line":32,"column":47}},"loc":{"start":{"line":32,"column":52},"end":{"line":32,"column":68}},"line":32},"3":{"name":"(anonymous_3)","decl":{"start":{"line":44,"column":4},"end":{"line":44,"column":5}},"loc":{"start":{"line":44,"column":30},"end":{"line":44,"column":32}},"line":44}},"branchMap":{"0":{"loc":{"start":{"line":7,"column":2},"end":{"line":12,"column":3}},"type":"if","locations":[{"start":{"line":7,"column":2},"end":{"line":12,"column":3}},{"start":{"line":7,"column":2},"end":{"line":12,"column":3}}],"line":7},"1":{"loc":{"start":{"line":7,"column":6},"end":{"line":7,"column":51}},"type":"binary-expr","locations":[{"start":{"line":7,"column":6},"end":{"line":7,"column":23}},{"start":{"line":7,"column":27},"end":{"line":7,"column":51}}],"line":7},"2":{"loc":{"start":{"line":21,"column":16},"end":{"line":44,"column":32}},"type":"cond-expr","locations":[{"start":{"line":22,"column":4},"end":{"line":43,"column":5}},{"start":{"line":44,"column":4},"end":{"line":44,"column":32}}],"line":21},"3":{"loc":{"start":{"line":23,"column":6},"end":{"line":28,"column":7}},"type":"if","locations":[{"start":{"line":23,"column":6},"end":{"line":28,"column":7}},{"start":{"line":23,"column":6},"end":{"line":28,"column":7}}],"line":23},"4":{"loc":{"start":{"line":29,"column":6},"end":{"line":42,"column":7}},"type":"if","locations":[{"start":{"line":29,"column":6},"end":{"line":42,"column":7}},{"start":{"line":29,"column":6},"end":{"line":42,"column":7}}],"line":29},"5":{"loc":{"start":{"line":33,"column":8},"end":{"line":35,"column":9}},"type":"if","locations":[{"start":{"line":33,"column":8},"end":{"line":35,"column":9}},{"start":{"line":33,"column":8},"end":{"line":35,"column":9}}],"line":33}},"s":{"0":3,"1":0,"2":0,"3":0,"4":0,"5":3,"6":0,"7":0,"8":0,"9":0,"10":0,"11":0,"12":0,"13":0,"14":0,"15":0,"16":3},"f":{"0":0,"1":0,"2":0,"3":0},"b":{"0":[0,0],"1":[0,0],"2":[3,0],"3":[0,0],"4":[0,0],"5":[0,0]},"_coverageSchema":"43e27e138ebf9cfc5966b082cf9a028302ed4184","hash":"a6238d4ef3153fac07e144e7d6d8e337886b3ea5"}
}
