TN:
SF:/Users/nomanrafique/Documents/workspace/workspace-react-native/situm-react-native-plugin/src/index.js
FN:9,(anonymous_0)
FN:13,(anonymous_1)
FN:17,(anonymous_2)
FN:21,(anonymous_3)
FN:25,(anonymous_4)
FN:34,(anonymous_5)
FN:47,(anonymous_6)
FN:64,(anonymous_7)
FN:77,(anonymous_8)
FN:94,(anonymous_9)
FN:111,(anonymous_10)
FN:133,(anonymous_11)
FN:163,(anonymous_12)
FN:181,(anonymous_13)
FNF:14
FNH:12
FNDA:1,(anonymous_0)
FNDA:1,(anonymous_1)
FNDA:1,(anonymous_2)
FNDA:1,(anonymous_3)
FNDA:1,(anonymous_4)
FNDA:1,(anonymous_5)
FNDA:1,(anonymous_6)
FNDA:1,(anonymous_7)
FNDA:1,(anonymous_8)
FNDA:0,(anonymous_9)
FNDA:7,(anonymous_10)
FNDA:3,(anonymous_11)
FNDA:8,(anonymous_12)
FNDA:0,(anonymous_13)
DA:6,4
DA:8,4
DA:10,1
DA:14,1
DA:18,1
DA:22,1
DA:26,1
DA:31,1
DA:39,1
DA:44,1
DA:52,1
DA:57,1
DA:69,1
DA:74,1
DA:82,1
DA:87,1
DA:100,0
DA:103,0
DA:104,0
DA:105,0
DA:107,0
DA:109,0
DA:117,7
DA:118,7
DA:119,7
DA:130,7
DA:138,3
DA:139,3
DA:142,1
DA:145,2
DA:146,2
DA:147,2
DA:148,2
DA:150,2
DA:152,2
DA:153,2
DA:154,3
DA:155,1
DA:158,2
DA:159,1
DA:164,8
DA:165,8
DA:166,7
DA:167,7
DA:168,5
DA:172,5
DA:174,5
DA:175,5
DA:178,8
DA:186,0
DA:191,0
DA:199,4
LF:52
LH:44
BRDA:31,0,0,1
BRDA:31,0,1,0
BRDA:44,1,0,1
BRDA:44,1,1,0
BRDA:60,2,0,1
BRDA:60,2,1,0
BRDA:74,3,0,1
BRDA:74,3,1,0
BRDA:90,4,0,1
BRDA:90,4,1,0
BRDA:104,5,0,0
BRDA:104,5,1,0
BRDA:122,6,0,1
BRDA:122,6,1,6
BRDA:125,7,0,1
BRDA:125,7,1,0
BRDA:139,8,0,1
BRDA:139,8,1,2
BRDA:148,9,0,2
BRDA:148,9,1,0
BRDA:154,10,0,1
BRDA:154,10,1,2
BRDA:158,11,0,1
BRDA:158,11,1,1
BRDA:164,12,0,8
BRDA:164,12,1,8
BRDA:167,13,0,5
BRDA:167,13,1,2
BRDA:175,14,0,5
BRDA:175,14,1,5
BRDA:194,15,0,0
BRDA:194,15,1,0
BRF:32
BRH:21
end_of_record
TN:
SF:/Users/nomanrafique/Documents/workspace/workspace-react-native/situm-react-native-plugin/src/nativeInterface.js
FN:12,(anonymous_0)
FNF:1
FNH:1
FNDA:15,(anonymous_0)
DA:3,4
DA:5,4
DA:6,0
DA:9,4
DA:10,4
DA:13,15
DA:14,1
DA:16,15
LF:8
LH:7
BRDA:5,0,0,0
BRDA:5,0,1,4
BRDA:13,1,0,1
BRDA:13,1,1,14
BRF:4
BRH:3
end_of_record
TN:
SF:/Users/nomanrafique/Documents/workspace/workspace-react-native/situm-react-native-plugin/src/utils.js
FN:6,(anonymous_0)
FN:22,(anonymous_1)
FN:32,(anonymous_2)
FN:44,(anonymous_3)
FNF:4
FNH:0
FNDA:0,(anonymous_0)
FNDA:0,(anonymous_1)
FNDA:0,(anonymous_2)
FNDA:0,(anonymous_3)
DA:6,3
DA:7,0
DA:8,0
DA:9,0
DA:11,0
DA:21,3
DA:23,0
DA:24,0
DA:29,0
DA:30,0
DA:32,0
DA:33,0
DA:34,0
DA:36,0
DA:40,0
DA:46,3
LF:16
LH:3
BRDA:7,0,0,0
BRDA:7,0,1,0
BRDA:7,1,0,0
BRDA:7,1,1,0
BRDA:21,2,0,3
BRDA:21,2,1,0
BRDA:23,3,0,0
BRDA:23,3,1,0
BRDA:29,4,0,0
BRDA:29,4,1,0
BRDA:33,5,0,0
BRDA:33,5,1,0
BRF:12
BRH:1
end_of_record
